Thu Apr 02 23:11:26 CEST 2020 : Server di rete Apache Derby: 10.11.1.2 - (1629631) avviato e pronto ad accettare connessioni sulla porta 1527
----------------------------------------------------------------
Thu Apr 02 23:11:26 CEST 2020:
Avvio della versione di Derby The Apache Software Foundation - Apache Derby - 10.11.1.2 - (1629631): istanza a816c00e-0171-3cbb-ecf4-ffffc23a8759
sulla directory di database C:\Users\edoal\Desktop\Progetto Amore\Microblog\Database\Microblog con caricatore classi jdk.internal.loader.ClassLoaders$AppClassLoader@6e5e91e4 
Caricato da file:/C:/Program%20Files/Java/jdk1.8.0_152/db/lib/derby.jar
java.vendor=Oracle Corporation
java.runtime.version=11.0.1+13-LTS
user.dir=C:\Program Files\Java\jdk1.8.0_152\db
os.name=Windows 10
os.arch=amd64
os.version=10.0
derby.system.home=C:\Users\edoal\Desktop\Progetto Amore\Microblog\Database
Programma di caricamento classe database avviato - derby.database.classpath=''
----------------------------------------------------------------
Thu Apr 02 23:18:03 CEST 2020: arresto in corso del motore di Derby
----------------------------------------------------------------
Thu Apr 02 23:18:03 CEST 2020:
Arresto dell'istanza a816c00e-0171-3cbb-ecf4-ffffc23a8759 nella directory del database C:\Users\edoal\Desktop\Progetto Amore\Microblog\Database\Microblog con il caricatore di classi jdk.internal.loader.ClassLoaders$AppClassLoader@6e5e91e4 
----------------------------------------------------------------
